<?xml version="1.0" encoding="UTF-8"?>
<testng-results ignored="0" total="6" passed="6" failed="0" skipped="0">
  <reporter-output>
  </reporter-output>
  <suite started-at="2021-04-12T19:40:28 IST" name="My Suite" finished-at="2021-04-12T19:41:03 IST" duration-ms="34733">
    <groups>
    </groups>
    <test started-at="2021-04-12T19:40:28 IST" name="MyTest" finished-at="2021-04-12T19:41:03 IST" duration-ms="34733">
      <class name="com.practice.tests.Assignment1">
        <test-method is-config="true" signature="openChrome()[pri:0, instance:com.practice.tests.Assignment1@60099951]" started-at="2021-04-12T19:40:28 IST" name="openChrome" finished-at="2021-04-12T19:40:33 IST" duration-ms="4882" status="PASS">
          <reporter-output>
          </reporter-output>
        </test-method> <!-- openChrome -->
        <test-method signature="readTopURL(java.lang.String,int)[pri:0, instance:com.practice.tests.Assignment1@60099951]" started-at="2021-04-12T19:40:33 IST" name="readTopURL" data-provider="test-data" finished-at="2021-04-12T19:40:37 IST" duration-ms="3912" status="PASS">
          <params>
            <param index="0">
              <value>
                <![CDATA[Ferrari]]>
              </value>
            </param>
            <param index="1">
              <value>
                <![CDATA[10]]>
              </value>
            </param>
          </params>
          <reporter-output>
          </reporter-output>
        </test-method> <!-- readTopURL -->
        <test-method signature="readTopURL(java.lang.String,int)[pri:0, instance:com.practice.tests.Assignment1@60099951]" started-at="2021-04-12T19:40:37 IST" name="readTopURL" data-provider="test-data" finished-at="2021-04-12T19:40:40 IST" duration-ms="3401" status="PASS">
          <params>
            <param index="0">
              <value>
                <![CDATA[Renault]]>
              </value>
            </param>
            <param index="1">
              <value>
                <![CDATA[10]]>
              </value>
            </param>
          </params>
          <reporter-output>
          </reporter-output>
        </test-method> <!-- readTopURL -->
        <test-method signature="readTopURL(java.lang.String,int)[pri:0, instance:com.practice.tests.Assignment1@60099951]" started-at="2021-04-12T19:40:40 IST" name="readTopURL" data-provider="test-data" finished-at="2021-04-12T19:40:44 IST" duration-ms="3130" status="PASS">
          <params>
            <param index="0">
              <value>
                <![CDATA[Mercedes]]>
              </value>
            </param>
            <param index="1">
              <value>
                <![CDATA[10]]>
              </value>
            </param>
          </params>
          <reporter-output>
          </reporter-output>
        </test-method> <!-- readTopURL -->
        <test-method signature="readTopURL(java.lang.String,int)[pri:0, instance:com.practice.tests.Assignment1@60099951]" started-at="2021-04-12T19:40:44 IST" name="readTopURL" data-provider="test-data" finished-at="2021-04-12T19:40:47 IST" duration-ms="3311" status="PASS">
          <params>
            <param index="0">
              <value>
                <![CDATA[Honda]]>
              </value>
            </param>
            <param index="1">
              <value>
                <![CDATA[10]]>
              </value>
            </param>
          </params>
          <reporter-output>
          </reporter-output>
        </test-method> <!-- readTopURL -->
        <test-method signature="readTopURL(java.lang.String,int)[pri:0, instance:com.practice.tests.Assignment1@60099951]" started-at="2021-04-12T19:40:47 IST" name="readTopURL" data-provider="test-data" finished-at="2021-04-12T19:40:50 IST" duration-ms="2918" status="PASS">
          <params>
            <param index="0">
              <value>
                <![CDATA[Lamborghini]]>
              </value>
            </param>
            <param index="1">
              <value>
                <![CDATA[10]]>
              </value>
            </param>
          </params>
          <reporter-output>
          </reporter-output>
        </test-method> <!-- readTopURL -->
        <test-method is-config="true" signature="closeBrowser()[pri:0, instance:com.practice.tests.Assignment1@60099951]" started-at="2021-04-12T19:40:50 IST" name="closeBrowser" finished-at="2021-04-12T19:40:51 IST" duration-ms="834" status="PASS">
          <reporter-output>
          </reporter-output>
        </test-method> <!-- closeBrowser -->
      </class> <!-- com.practice.tests.Assignment1 -->
      <class name="com.practice.tests.Assignment2">
        <test-method is-config="true" signature="openChrome()[pri:0, instance:com.practice.tests.Assignment2@3c77d488]" started-at="2021-04-12T19:40:51 IST" name="openChrome" finished-at="2021-04-12T19:40:56 IST" duration-ms="5819" status="PASS">
          <reporter-output>
          </reporter-output>
        </test-method> <!-- openChrome -->
        <test-method signature="readTopURL(java.lang.String,int)[pri:0, instance:com.practice.tests.Assignment2@3c77d488]" started-at="2021-04-12T19:40:56 IST" name="readTopURL" data-provider="test-data" finished-at="2021-04-12T19:41:02 IST" duration-ms="5244" status="PASS">
          <params>
            <param index="0">
              <value>
                <![CDATA[Ferrari]]>
              </value>
            </param>
            <param index="1">
              <value>
                <![CDATA[10]]>
              </value>
            </param>
          </params>
          <reporter-output>
          </reporter-output>
        </test-method> <!-- readTopURL -->
        <test-method is-config="true" signature="closeBrowser()[pri:0, instance:com.practice.tests.Assignment2@3c77d488]" started-at="2021-04-12T19:41:02 IST" name="closeBrowser" finished-at="2021-04-12T19:41:03 IST" duration-ms="1205" status="PASS">
          <reporter-output>
          </reporter-output>
        </test-method> <!-- closeBrowser -->
      </class> <!-- com.practice.tests.Assignment2 -->
    </test> <!-- MyTest -->
  </suite> <!-- My Suite -->
</testng-results>
