<?xml version="1.0" encoding="UTF-8"?>
<!-- Generated by org.testng.reporters.JUnitXMLReporter -->
<testsuite ignored="0" hostname="HIBACL101404" failures="0" tests="6" name="MyTest" time="34.733" errors="0" timestamp="2021-04-12T19:41:03 IST">
  <testcase classname="com.practice.tests.Assignment1" name="readTopURL" time="3.912"/>
  <testcase classname="com.practice.tests.Assignment1" name="readTopURL" time="3.401"/>
  <testcase classname="com.practice.tests.Assignment1" name="readTopURL" time="3.13"/>
  <testcase classname="com.practice.tests.Assignment1" name="readTopURL" time="3.311"/>
  <testcase classname="com.practice.tests.Assignment1" name="readTopURL" time="2.918"/>
  <testcase classname="com.practice.tests.Assignment2" name="readTopURL" time="5.244"/>
</testsuite> <!-- MyTest -->
